<?xml version="1.0" encoding="utf-8"?>
<outputLog>
  <ApplicationId>21702a8b-9241-4d89-bf7c-24e9bdc5d554</ApplicationId>
  <FileLogs>
    <FileLog>
      <ProjectId>a9a7edca-c21f-4084-87ce-23f4308f811f</ProjectId>
      <CorrelationId>Boxfusion.Modules.FluentMigrator.EnumMigrationMetadata#a90b0eb0-cc98-4a94-b6ae-03fce2d05a41</CorrelationId>
      <OverwriteBehaviour>always</OverwriteBehaviour>
      <ApplicationRelativeFilePath>../../Shesha.Enterprise/Shesha.Core.Domain/Migrations/enum-migration-metadata.json</ApplicationRelativeFilePath>
      <ProjectRelativeFilePath>Migrations/enum-migration-metadata.json</ProjectRelativeFilePath>
      <IsIgnored>false</IsIgnored>
    </FileLog>
    <FileLog>
      <ProjectId>a9a7edca-c21f-4084-87ce-23f4308f811f</ProjectId>
      <CorrelationId>Boxfusion.Modules.FluentMigrator.MigrationMetadata#a90b0eb0-cc98-4a94-b6ae-03fce2d05a41</CorrelationId>
      <OverwriteBehaviour>always</OverwriteBehaviour>
      <ApplicationRelativeFilePath>../../Shesha.Enterprise/Shesha.Core.Domain/Migrations/migration-metadata.json</ApplicationRelativeFilePath>
      <ProjectRelativeFilePath>Migrations/migration-metadata.json</ProjectRelativeFilePath>
      <IsIgnored>false</IsIgnored>
    </FileLog>
    <FileLog>
      <ProjectId>a9a7edca-c21f-4084-87ce-23f4308f811f</ProjectId>
      <CorrelationId>Intent.VisualStudio.Projects.CoreLibrary.CSProject#a9a7edca-c21f-4084-87ce-23f4308f811f</CorrelationId>
      <OverwriteBehaviour>once-off</OverwriteBehaviour>
      <ApplicationRelativeFilePath>../../Shesha.Enterprise/Shesha.Core.Domain/Shesha.Core.Domain.csproj</ApplicationRelativeFilePath>
      <ProjectRelativeFilePath>Shesha.Core.Domain.csproj</ProjectRelativeFilePath>
      <IsIgnored>false</IsIgnored>
    </FileLog>
    <FileLog>
      <ProjectId>a9a7edca-c21f-4084-87ce-23f4308f811f</ProjectId>
      <CorrelationId>Boxfusion.Modules.FluentMigrator.SheshaCoreMetadata#a90b0eb0-cc98-4a94-b6ae-03fce2d05a41</CorrelationId>
      <OverwriteBehaviour>always</OverwriteBehaviour>
      <ApplicationRelativeFilePath>../../Shesha.Enterprise/Shesha.Core.Domain/SheshaCoreMetadata/shesha-core-metadata.json</ApplicationRelativeFilePath>
      <ProjectRelativeFilePath>SheshaCoreMetadata/shesha-core-metadata.json</ProjectRelativeFilePath>
      <IsIgnored>false</IsIgnored>
    </FileLog>
    <FileLog>
      <ProjectId>d0f30015-8c30-435f-9dbb-5ecc53b32d3e</ProjectId>
      <CorrelationId>Intent.VisualStudio.Projects.CoreLibrary.CSProject#d0f30015-8c30-435f-9dbb-5ecc53b32d3e</CorrelationId>
      <OverwriteBehaviour>once-off</OverwriteBehaviour>
      <ApplicationRelativeFilePath>../../Shesha.Enterprise/Shesha.Enterprise.Application/Shesha.Enterprise.Application.csproj</ApplicationRelativeFilePath>
      <ProjectRelativeFilePath>Shesha.Enterprise.Application.csproj</ProjectRelativeFilePath>
      <IsIgnored>false</IsIgnored>
    </FileLog>
    <FileLog>
      <ProjectId>b1857ac1-bb04-43ec-9a57-18a580c0989b</ProjectId>
      <CorrelationId>Boxfusion.Modules.Domain.Entity#539d32ff-1c57-438f-8a19-3293a6e3e59d</CorrelationId>
      <OverwriteBehaviour>always</OverwriteBehaviour>
      <ApplicationRelativeFilePath>../../Shesha.Enterprise/Shesha.Enterprise.Domain/Domain/Accounts/Account.cs</ApplicationRelativeFilePath>
      <ProjectRelativeFilePath>Domain/Accounts/Account.cs</ProjectRelativeFilePath>
      <IsIgnored>false</IsIgnored>
    </FileLog>
    <FileLog>
      <ProjectId>b1857ac1-bb04-43ec-9a57-18a580c0989b</ProjectId>
      <CorrelationId>Boxfusion.Modules.Domain.Entity#d1c428c2-1235-400f-8e9b-dc9001ba8494</CorrelationId>
      <OverwriteBehaviour>always</OverwriteBehaviour>
      <ApplicationRelativeFilePath>../../Shesha.Enterprise/Shesha.Enterprise.Domain/Domain/Accounts/AccountTransfer.cs</ApplicationRelativeFilePath>
      <ProjectRelativeFilePath>Domain/Accounts/AccountTransfer.cs</ProjectRelativeFilePath>
      <IsIgnored>false</IsIgnored>
    </FileLog>
    <FileLog>
      <ProjectId>b1857ac1-bb04-43ec-9a57-18a580c0989b</ProjectId>
      <CorrelationId>Boxfusion.Modules.Domain.Entity#0dbdc96a-92f7-4840-b4b5-9ff35b0b4901</CorrelationId>
      <OverwriteBehaviour>always</OverwriteBehaviour>
      <ApplicationRelativeFilePath>../../Shesha.Enterprise/Shesha.Enterprise.Domain/Domain/Accounts/FinancialAccount.cs</ApplicationRelativeFilePath>
      <ProjectRelativeFilePath>Domain/Accounts/FinancialAccount.cs</ProjectRelativeFilePath>
      <IsIgnored>false</IsIgnored>
    </FileLog>
    <FileLog>
      <ProjectId>b1857ac1-bb04-43ec-9a57-18a580c0989b</ProjectId>
      <CorrelationId>Boxfusion.Modules.Domain.Entity#020238bb-1376-4c17-acc6-363683d03744</CorrelationId>
      <OverwriteBehaviour>always</OverwriteBehaviour>
      <ApplicationRelativeFilePath>../../Shesha.Enterprise/Shesha.Enterprise.Domain/Domain/Accounts/FinancialTransaction.cs</ApplicationRelativeFilePath>
      <ProjectRelativeFilePath>Domain/Accounts/FinancialTransaction.cs</ProjectRelativeFilePath>
      <IsIgnored>false</IsIgnored>
    </FileLog>
    <FileLog>
      <ProjectId>b1857ac1-bb04-43ec-9a57-18a580c0989b</ProjectId>
      <CorrelationId>Boxfusion.Modules.Domain.Entity#9a5b929a-ed4c-4f35-a49a-c5d227b2cdd0</CorrelationId>
      <OverwriteBehaviour>always</OverwriteBehaviour>
      <ApplicationRelativeFilePath>../../Shesha.Enterprise/Shesha.Enterprise.Domain/Domain/Accounts/Payments/PaymentIn.cs</ApplicationRelativeFilePath>
      <ProjectRelativeFilePath>Domain/Accounts/Payments/PaymentIn.cs</ProjectRelativeFilePath>
      <IsIgnored>false</IsIgnored>
    </FileLog>
    <FileLog>
      <ProjectId>b1857ac1-bb04-43ec-9a57-18a580c0989b</ProjectId>
      <CorrelationId>Boxfusion.Modules.Domain.Entity#dedb4ed2-4e1a-47a8-9fbc-6efdea93255a</CorrelationId>
      <OverwriteBehaviour>always</OverwriteBehaviour>
      <ApplicationRelativeFilePath>../../Shesha.Enterprise/Shesha.Enterprise.Domain/Domain/Accounts/Payments/PaymentInByEFT.cs</ApplicationRelativeFilePath>
      <ProjectRelativeFilePath>Domain/Accounts/Payments/PaymentInByEFT.cs</ProjectRelativeFilePath>
      <IsIgnored>false</IsIgnored>
    </FileLog>
    <FileLog>
      <ProjectId>b1857ac1-bb04-43ec-9a57-18a580c0989b</ProjectId>
      <CorrelationId>Boxfusion.Modules.Domain.Entity#d27d1653-d229-4c9c-a0b3-99d9c47bc024</CorrelationId>
      <OverwriteBehaviour>always</OverwriteBehaviour>
      <ApplicationRelativeFilePath>../../Shesha.Enterprise/Shesha.Enterprise.Domain/Domain/Accounts/Payments/PaymentOut.cs</ApplicationRelativeFilePath>
      <ProjectRelativeFilePath>Domain/Accounts/Payments/PaymentOut.cs</ProjectRelativeFilePath>
      <IsIgnored>false</IsIgnored>
    </FileLog>
    <FileLog>
      <ProjectId>b1857ac1-bb04-43ec-9a57-18a580c0989b</ProjectId>
      <CorrelationId>Boxfusion.Modules.Domain.Entity#aff755ff-f937-452d-b8c5-cbb21cad7fcb</CorrelationId>
      <OverwriteBehaviour>always</OverwriteBehaviour>
      <ApplicationRelativeFilePath>../../Shesha.Enterprise/Shesha.Enterprise.Domain/Domain/Accounts/Payments/PayoutOutByEFT.cs</ApplicationRelativeFilePath>
      <ProjectRelativeFilePath>Domain/Accounts/Payments/PayoutOutByEFT.cs</ProjectRelativeFilePath>
      <IsIgnored>false</IsIgnored>
    </FileLog>
    <FileLog>
      <ProjectId>b1857ac1-bb04-43ec-9a57-18a580c0989b</ProjectId>
      <CorrelationId>Boxfusion.Modules.Domain.Enum#fd6d010a-a21b-4684-b60a-4fcd33c6cf80</CorrelationId>
      <OverwriteBehaviour>always</OverwriteBehaviour>
      <ApplicationRelativeFilePath>../../Shesha.Enterprise/Shesha.Enterprise.Domain/Domain/Accounts/Payments/RefListPaymentMethod.cs</ApplicationRelativeFilePath>
      <ProjectRelativeFilePath>Domain/Accounts/Payments/RefListPaymentMethod.cs</ProjectRelativeFilePath>
      <IsIgnored>false</IsIgnored>
    </FileLog>
    <FileLog>
      <ProjectId>b1857ac1-bb04-43ec-9a57-18a580c0989b</ProjectId>
      <CorrelationId>Boxfusion.Modules.Domain.Enum#1d56032d-e458-4f2c-bdc5-ad0d11a2710f</CorrelationId>
      <OverwriteBehaviour>always</OverwriteBehaviour>
      <ApplicationRelativeFilePath>../../Shesha.Enterprise/Shesha.Enterprise.Domain/Domain/Accounts/RefListAccountTransferStatus.cs</ApplicationRelativeFilePath>
      <ProjectRelativeFilePath>Domain/Accounts/RefListAccountTransferStatus.cs</ProjectRelativeFilePath>
      <IsIgnored>false</IsIgnored>
    </FileLog>
    <FileLog>
      <ProjectId>b1857ac1-bb04-43ec-9a57-18a580c0989b</ProjectId>
      <CorrelationId>Boxfusion.Modules.Domain.Enum#31d1fc4b-7419-422b-8230-6c35331e9efe</CorrelationId>
      <OverwriteBehaviour>always</OverwriteBehaviour>
      <ApplicationRelativeFilePath>../../Shesha.Enterprise/Shesha.Enterprise.Domain/Domain/Accounts/RefListAccountType.cs</ApplicationRelativeFilePath>
      <ProjectRelativeFilePath>Domain/Accounts/RefListAccountType.cs</ProjectRelativeFilePath>
      <IsIgnored>false</IsIgnored>
    </FileLog>
    <FileLog>
      <ProjectId>b1857ac1-bb04-43ec-9a57-18a580c0989b</ProjectId>
      <CorrelationId>Boxfusion.Modules.Domain.Enum#9327602f-6298-4fcd-baee-2a137ac0934b</CorrelationId>
      <OverwriteBehaviour>always</OverwriteBehaviour>
      <ApplicationRelativeFilePath>../../Shesha.Enterprise/Shesha.Enterprise.Domain/Domain/Accounts/RefListPostableToAccountPostingStatus.cs</ApplicationRelativeFilePath>
      <ProjectRelativeFilePath>Domain/Accounts/RefListPostableToAccountPostingStatus.cs</ProjectRelativeFilePath>
      <IsIgnored>false</IsIgnored>
    </FileLog>
    <FileLog>
      <ProjectId>b1857ac1-bb04-43ec-9a57-18a580c0989b</ProjectId>
      <CorrelationId>Boxfusion.Modules.Domain.Enum#9be06dc3-c95c-4dff-b8ca-43bf33426103</CorrelationId>
      <OverwriteBehaviour>always</OverwriteBehaviour>
      <ApplicationRelativeFilePath>../../Shesha.Enterprise/Shesha.Enterprise.Domain/Domain/Accounts/RefListPostingStatus.cs</ApplicationRelativeFilePath>
      <ProjectRelativeFilePath>Domain/Accounts/RefListPostingStatus.cs</ProjectRelativeFilePath>
      <IsIgnored>false</IsIgnored>
    </FileLog>
    <FileLog>
      <ProjectId>b1857ac1-bb04-43ec-9a57-18a580c0989b</ProjectId>
      <CorrelationId>Boxfusion.Modules.Domain.Enum#fb54f275-8098-43ff-b377-025dddb879e0</CorrelationId>
      <OverwriteBehaviour>always</OverwriteBehaviour>
      <ApplicationRelativeFilePath>../../Shesha.Enterprise/Shesha.Enterprise.Domain/Domain/Accounts/RefListRejectionReason.cs</ApplicationRelativeFilePath>
      <ProjectRelativeFilePath>Domain/Accounts/RefListRejectionReason.cs</ProjectRelativeFilePath>
      <IsIgnored>false</IsIgnored>
    </FileLog>
    <FileLog>
      <ProjectId>b1857ac1-bb04-43ec-9a57-18a580c0989b</ProjectId>
      <CorrelationId>Boxfusion.Modules.Domain.Enum#29cf16e5-22bf-41c7-91bc-1dfecf38c9c6</CorrelationId>
      <OverwriteBehaviour>always</OverwriteBehaviour>
      <ApplicationRelativeFilePath>../../Shesha.Enterprise/Shesha.Enterprise.Domain/Domain/Accounts/RefListTransactionStatus.cs</ApplicationRelativeFilePath>
      <ProjectRelativeFilePath>Domain/Accounts/RefListTransactionStatus.cs</ProjectRelativeFilePath>
      <IsIgnored>false</IsIgnored>
    </FileLog>
    <FileLog>
      <ProjectId>b1857ac1-bb04-43ec-9a57-18a580c0989b</ProjectId>
      <CorrelationId>Boxfusion.Modules.Domain.Enum#d9d7afc9-d699-4607-a359-1c91dba36efc</CorrelationId>
      <OverwriteBehaviour>always</OverwriteBehaviour>
      <ApplicationRelativeFilePath>../../Shesha.Enterprise/Shesha.Enterprise.Domain/Domain/Accounts/RefListTransactionType.cs</ApplicationRelativeFilePath>
      <ProjectRelativeFilePath>Domain/Accounts/RefListTransactionType.cs</ProjectRelativeFilePath>
      <IsIgnored>false</IsIgnored>
    </FileLog>
    <FileLog>
      <ProjectId>b1857ac1-bb04-43ec-9a57-18a580c0989b</ProjectId>
      <CorrelationId>Boxfusion.Modules.Domain.Enum#76f5c7ed-c96e-4142-ac6b-49a3ef5cd8cf</CorrelationId>
      <OverwriteBehaviour>always</OverwriteBehaviour>
      <ApplicationRelativeFilePath>../../Shesha.Enterprise/Shesha.Enterprise.Domain/Domain/Accounts/RefListTransferMethod.cs</ApplicationRelativeFilePath>
      <ProjectRelativeFilePath>Domain/Accounts/RefListTransferMethod.cs</ProjectRelativeFilePath>
      <IsIgnored>false</IsIgnored>
    </FileLog>
    <FileLog>
      <ProjectId>b1857ac1-bb04-43ec-9a57-18a580c0989b</ProjectId>
      <CorrelationId>Boxfusion.Modules.Domain.Enum#bd5be42a-a691-46f0-b74b-4c64050bd85d</CorrelationId>
      <OverwriteBehaviour>always</OverwriteBehaviour>
      <ApplicationRelativeFilePath>../../Shesha.Enterprise/Shesha.Enterprise.Domain/Domain/Accounts/RefListTransferReason.cs</ApplicationRelativeFilePath>
      <ProjectRelativeFilePath>Domain/Accounts/RefListTransferReason.cs</ProjectRelativeFilePath>
      <IsIgnored>false</IsIgnored>
    </FileLog>
    <FileLog>
      <ProjectId>b1857ac1-bb04-43ec-9a57-18a580c0989b</ProjectId>
      <CorrelationId>Boxfusion.Modules.Domain.Entity#7b082750-6047-4fae-9fb5-0bb4a419485c</CorrelationId>
      <OverwriteBehaviour>always</OverwriteBehaviour>
      <ApplicationRelativeFilePath>../../Shesha.Enterprise/Shesha.Enterprise.Domain/Domain/BankAccounts/BankAccount.cs</ApplicationRelativeFilePath>
      <ProjectRelativeFilePath>Domain/BankAccounts/BankAccount.cs</ProjectRelativeFilePath>
      <IsIgnored>false</IsIgnored>
    </FileLog>
    <FileLog>
      <ProjectId>b1857ac1-bb04-43ec-9a57-18a580c0989b</ProjectId>
      <CorrelationId>Boxfusion.Modules.Domain.Entity#38c91aff-afd1-4395-bf4b-19da32c4b4d9</CorrelationId>
      <OverwriteBehaviour>always</OverwriteBehaviour>
      <ApplicationRelativeFilePath>../../Shesha.Enterprise/Shesha.Enterprise.Domain/Domain/BankAccounts/BankTransaction.cs</ApplicationRelativeFilePath>
      <ProjectRelativeFilePath>Domain/BankAccounts/BankTransaction.cs</ProjectRelativeFilePath>
      <IsIgnored>false</IsIgnored>
    </FileLog>
    <FileLog>
      <ProjectId>b1857ac1-bb04-43ec-9a57-18a580c0989b</ProjectId>
      <CorrelationId>Boxfusion.Modules.Domain.Enum#3452d208-b475-4860-a19a-a098e09c0832</CorrelationId>
      <OverwriteBehaviour>always</OverwriteBehaviour>
      <ApplicationRelativeFilePath>../../Shesha.Enterprise/Shesha.Enterprise.Domain/Domain/BankAccounts/RefListAllocationMechanism.cs</ApplicationRelativeFilePath>
      <ProjectRelativeFilePath>Domain/BankAccounts/RefListAllocationMechanism.cs</ProjectRelativeFilePath>
      <IsIgnored>false</IsIgnored>
    </FileLog>
    <FileLog>
      <ProjectId>b1857ac1-bb04-43ec-9a57-18a580c0989b</ProjectId>
      <CorrelationId>Boxfusion.Modules.Domain.Enum#8ae21465-9c05-46a4-aee3-3c3ce407b667</CorrelationId>
      <OverwriteBehaviour>always</OverwriteBehaviour>
      <ApplicationRelativeFilePath>../../Shesha.Enterprise/Shesha.Enterprise.Domain/Domain/BankAccounts/RefListAllocationStatus.cs</ApplicationRelativeFilePath>
      <ProjectRelativeFilePath>Domain/BankAccounts/RefListAllocationStatus.cs</ProjectRelativeFilePath>
      <IsIgnored>false</IsIgnored>
    </FileLog>
    <FileLog>
      <ProjectId>b1857ac1-bb04-43ec-9a57-18a580c0989b</ProjectId>
      <CorrelationId>Boxfusion.Modules.Domain.Enum#725e464b-3ffb-45ca-9571-b300498c0bf0</CorrelationId>
      <OverwriteBehaviour>always</OverwriteBehaviour>
      <ApplicationRelativeFilePath>../../Shesha.Enterprise/Shesha.Enterprise.Domain/Domain/BankAccounts/RefListBank.cs</ApplicationRelativeFilePath>
      <ProjectRelativeFilePath>Domain/BankAccounts/RefListBank.cs</ProjectRelativeFilePath>
      <IsIgnored>false</IsIgnored>
    </FileLog>
    <FileLog>
      <ProjectId>b1857ac1-bb04-43ec-9a57-18a580c0989b</ProjectId>
      <CorrelationId>Boxfusion.Modules.Domain.Enum#3c205885-7809-4f66-8bb8-0703d8848c70</CorrelationId>
      <OverwriteBehaviour>always</OverwriteBehaviour>
      <ApplicationRelativeFilePath>../../Shesha.Enterprise/Shesha.Enterprise.Domain/Domain/BankAccounts/RefListBankAccountStatus.cs</ApplicationRelativeFilePath>
      <ProjectRelativeFilePath>Domain/BankAccounts/RefListBankAccountStatus.cs</ProjectRelativeFilePath>
      <IsIgnored>false</IsIgnored>
    </FileLog>
    <FileLog>
      <ProjectId>b1857ac1-bb04-43ec-9a57-18a580c0989b</ProjectId>
      <CorrelationId>Boxfusion.Modules.Domain.Enum#73c52ccb-92d7-4e33-a924-4cae7b671e46</CorrelationId>
      <OverwriteBehaviour>always</OverwriteBehaviour>
      <ApplicationRelativeFilePath>../../Shesha.Enterprise/Shesha.Enterprise.Domain/Domain/BankAccounts/RefListBankAccountType.cs</ApplicationRelativeFilePath>
      <ProjectRelativeFilePath>Domain/BankAccounts/RefListBankAccountType.cs</ProjectRelativeFilePath>
      <IsIgnored>false</IsIgnored>
    </FileLog>
    <FileLog>
      <ProjectId>b1857ac1-bb04-43ec-9a57-18a580c0989b</ProjectId>
      <CorrelationId>Boxfusion.Modules.Domain.Enum#10573c07-bb4a-4f86-b0af-0feaa48fb118</CorrelationId>
      <OverwriteBehaviour>always</OverwriteBehaviour>
      <ApplicationRelativeFilePath>../../Shesha.Enterprise/Shesha.Enterprise.Domain/Domain/BankAccounts/RefListBankTransactionType.cs</ApplicationRelativeFilePath>
      <ProjectRelativeFilePath>Domain/BankAccounts/RefListBankTransactionType.cs</ProjectRelativeFilePath>
      <IsIgnored>false</IsIgnored>
    </FileLog>
    <FileLog>
      <ProjectId>b1857ac1-bb04-43ec-9a57-18a580c0989b</ProjectId>
      <CorrelationId>Boxfusion.Modules.Domain.Entity#14756c10-4b07-48b6-83c8-204baba31861</CorrelationId>
      <OverwriteBehaviour>always</OverwriteBehaviour>
      <ApplicationRelativeFilePath>../../Shesha.Enterprise/Shesha.Enterprise.Domain/Domain/CheckLists/CheckList.cs</ApplicationRelativeFilePath>
      <ProjectRelativeFilePath>Domain/CheckLists/CheckList.cs</ProjectRelativeFilePath>
      <IsIgnored>false</IsIgnored>
    </FileLog>
    <FileLog>
      <ProjectId>b1857ac1-bb04-43ec-9a57-18a580c0989b</ProjectId>
      <CorrelationId>Boxfusion.Modules.Domain.Entity#90b6707d-80d8-402e-80af-b124862bff1a</CorrelationId>
      <OverwriteBehaviour>always</OverwriteBehaviour>
      <ApplicationRelativeFilePath>../../Shesha.Enterprise/Shesha.Enterprise.Domain/Domain/CheckLists/CheckListItem.cs</ApplicationRelativeFilePath>
      <ProjectRelativeFilePath>Domain/CheckLists/CheckListItem.cs</ProjectRelativeFilePath>
      <IsIgnored>false</IsIgnored>
    </FileLog>
    <FileLog>
      <ProjectId>b1857ac1-bb04-43ec-9a57-18a580c0989b</ProjectId>
      <CorrelationId>Boxfusion.Modules.Domain.Entity#f186f215-737a-4a63-88c0-2d67998fdfd5</CorrelationId>
      <OverwriteBehaviour>always</OverwriteBehaviour>
      <ApplicationRelativeFilePath>../../Shesha.Enterprise/Shesha.Enterprise.Domain/Domain/CheckLists/CheckListItemSelection.cs</ApplicationRelativeFilePath>
      <ProjectRelativeFilePath>Domain/CheckLists/CheckListItemSelection.cs</ProjectRelativeFilePath>
      <IsIgnored>false</IsIgnored>
    </FileLog>
    <FileLog>
      <ProjectId>b1857ac1-bb04-43ec-9a57-18a580c0989b</ProjectId>
      <CorrelationId>Boxfusion.Modules.Domain.Entity#89dde1b9-737f-45c9-bf13-18bd37349f3a</CorrelationId>
      <OverwriteBehaviour>always</OverwriteBehaviour>
      <ApplicationRelativeFilePath>../../Shesha.Enterprise/Shesha.Enterprise.Domain/Domain/CheckLists/CheckListTreeItem.cs</ApplicationRelativeFilePath>
      <ProjectRelativeFilePath>Domain/CheckLists/CheckListTreeItem.cs</ProjectRelativeFilePath>
      <IsIgnored>false</IsIgnored>
    </FileLog>
    <FileLog>
      <ProjectId>b1857ac1-bb04-43ec-9a57-18a580c0989b</ProjectId>
      <CorrelationId>Boxfusion.Modules.Domain.Enum#83c4303e-49e2-4048-9b18-9c3070d03a66</CorrelationId>
      <OverwriteBehaviour>always</OverwriteBehaviour>
      <ApplicationRelativeFilePath>../../Shesha.Enterprise/Shesha.Enterprise.Domain/Domain/CheckLists/RefListCheckListItemType.cs</ApplicationRelativeFilePath>
      <ProjectRelativeFilePath>Domain/CheckLists/RefListCheckListItemType.cs</ProjectRelativeFilePath>
      <IsIgnored>false</IsIgnored>
    </FileLog>
    <FileLog>
      <ProjectId>b1857ac1-bb04-43ec-9a57-18a580c0989b</ProjectId>
      <CorrelationId>Boxfusion.Modules.Domain.Enum#7795e01e-dae0-4756-b707-cf7a2ebce574</CorrelationId>
      <OverwriteBehaviour>always</OverwriteBehaviour>
      <ApplicationRelativeFilePath>../../Shesha.Enterprise/Shesha.Enterprise.Domain/Domain/CheckLists/RefListCheckListSelectionType.cs</ApplicationRelativeFilePath>
      <ProjectRelativeFilePath>Domain/CheckLists/RefListCheckListSelectionType.cs</ProjectRelativeFilePath>
      <IsIgnored>false</IsIgnored>
    </FileLog>
    <FileLog>
      <ProjectId>b1857ac1-bb04-43ec-9a57-18a580c0989b</ProjectId>
      <CorrelationId>Boxfusion.Modules.Domain.Entity#e2f07137-c7a9-49b5-862d-fd8fd052851e</CorrelationId>
      <OverwriteBehaviour>always</OverwriteBehaviour>
      <ApplicationRelativeFilePath>../../Shesha.Enterprise/Shesha.Enterprise.Domain/Domain/Contracts/Contract.cs</ApplicationRelativeFilePath>
      <ProjectRelativeFilePath>Domain/Contracts/Contract.cs</ProjectRelativeFilePath>
      <IsIgnored>false</IsIgnored>
    </FileLog>
    <FileLog>
      <ProjectId>b1857ac1-bb04-43ec-9a57-18a580c0989b</ProjectId>
      <CorrelationId>Boxfusion.Modules.Domain.Enum#b2ca00d2-40df-4da9-9984-aae42fbf0cdf</CorrelationId>
      <OverwriteBehaviour>always</OverwriteBehaviour>
      <ApplicationRelativeFilePath>../../Shesha.Enterprise/Shesha.Enterprise.Domain/Domain/Contracts/RefListContractStatus.cs</ApplicationRelativeFilePath>
      <ProjectRelativeFilePath>Domain/Contracts/RefListContractStatus.cs</ProjectRelativeFilePath>
      <IsIgnored>false</IsIgnored>
    </FileLog>
    <FileLog>
      <ProjectId>b1857ac1-bb04-43ec-9a57-18a580c0989b</ProjectId>
      <CorrelationId>Boxfusion.Modules.Domain.Entity#33ffebcc-a8d7-4516-a081-61ea38ec0666</CorrelationId>
      <OverwriteBehaviour>always</OverwriteBehaviour>
      <ApplicationRelativeFilePath>../../Shesha.Enterprise/Shesha.Enterprise.Domain/Domain/Currency.cs</ApplicationRelativeFilePath>
      <ProjectRelativeFilePath>Domain/Currency.cs</ProjectRelativeFilePath>
      <IsIgnored>false</IsIgnored>
    </FileLog>
    <FileLog>
      <ProjectId>b1857ac1-bb04-43ec-9a57-18a580c0989b</ProjectId>
      <CorrelationId>Boxfusion.Modules.Domain.Entity#298e5266-e144-4901-8be1-67a14f25bcfb</CorrelationId>
      <OverwriteBehaviour>always</OverwriteBehaviour>
      <ApplicationRelativeFilePath>../../Shesha.Enterprise/Shesha.Enterprise.Domain/Domain/DistributionLists/DistributionList.cs</ApplicationRelativeFilePath>
      <ProjectRelativeFilePath>Domain/DistributionLists/DistributionList.cs</ProjectRelativeFilePath>
      <IsIgnored>false</IsIgnored>
    </FileLog>
    <FileLog>
      <ProjectId>b1857ac1-bb04-43ec-9a57-18a580c0989b</ProjectId>
      <CorrelationId>Boxfusion.Modules.Domain.Entity#055c551c-deb2-429a-8790-45a891887327</CorrelationId>
      <OverwriteBehaviour>always</OverwriteBehaviour>
      <ApplicationRelativeFilePath>../../Shesha.Enterprise/Shesha.Enterprise.Domain/Domain/DistributionLists/DistributionListItem.cs</ApplicationRelativeFilePath>
      <ProjectRelativeFilePath>Domain/DistributionLists/DistributionListItem.cs</ProjectRelativeFilePath>
      <IsIgnored>false</IsIgnored>
    </FileLog>
    <FileLog>
      <ProjectId>b1857ac1-bb04-43ec-9a57-18a580c0989b</ProjectId>
      <CorrelationId>Boxfusion.Modules.Domain.Entity#c493b4eb-4a1b-4428-9811-26907e535f18</CorrelationId>
      <OverwriteBehaviour>always</OverwriteBehaviour>
      <ApplicationRelativeFilePath>../../Shesha.Enterprise/Shesha.Enterprise.Domain/Domain/Employees/Employee.cs</ApplicationRelativeFilePath>
      <ProjectRelativeFilePath>Domain/Employees/Employee.cs</ProjectRelativeFilePath>
      <IsIgnored>false</IsIgnored>
    </FileLog>
    <FileLog>
      <ProjectId>b1857ac1-bb04-43ec-9a57-18a580c0989b</ProjectId>
      <CorrelationId>Boxfusion.Modules.Domain.Enum#70f60dea-64e8-4d74-ae50-bf0f9c41914b</CorrelationId>
      <OverwriteBehaviour>always</OverwriteBehaviour>
      <ApplicationRelativeFilePath>../../Shesha.Enterprise/Shesha.Enterprise.Domain/Domain/Enum/RefListChannel.cs</ApplicationRelativeFilePath>
      <ProjectRelativeFilePath>Domain/Enum/RefListChannel.cs</ProjectRelativeFilePath>
      <IsIgnored>false</IsIgnored>
    </FileLog>
    <FileLog>
      <ProjectId>b1857ac1-bb04-43ec-9a57-18a580c0989b</ProjectId>
      <CorrelationId>Boxfusion.Modules.Domain.Enum#67d59cd9-5561-4764-ab30-1cf8fe4b10a0</CorrelationId>
      <OverwriteBehaviour>always</OverwriteBehaviour>
      <ApplicationRelativeFilePath>../../Shesha.Enterprise/Shesha.Enterprise.Domain/Domain/Enum/RefListInteractionChannel.cs</ApplicationRelativeFilePath>
      <ProjectRelativeFilePath>Domain/Enum/RefListInteractionChannel.cs</ProjectRelativeFilePath>
      <IsIgnored>false</IsIgnored>
    </FileLog>
    <FileLog>
      <ProjectId>b1857ac1-bb04-43ec-9a57-18a580c0989b</ProjectId>
      <CorrelationId>Boxfusion.Modules.Domain.Enum#0e94f1d1-288f-41d0-ba2e-bddaf2160e01</CorrelationId>
      <OverwriteBehaviour>always</OverwriteBehaviour>
      <ApplicationRelativeFilePath>../../Shesha.Enterprise/Shesha.Enterprise.Domain/Domain/Enum/RefListInteractionOutcome.cs</ApplicationRelativeFilePath>
      <ProjectRelativeFilePath>Domain/Enum/RefListInteractionOutcome.cs</ProjectRelativeFilePath>
      <IsIgnored>false</IsIgnored>
    </FileLog>
    <FileLog>
      <ProjectId>b1857ac1-bb04-43ec-9a57-18a580c0989b</ProjectId>
      <CorrelationId>Boxfusion.Modules.Domain.Enum#b4618de2-4566-4fc7-af4a-63c3c0c0515b</CorrelationId>
      <OverwriteBehaviour>always</OverwriteBehaviour>
      <ApplicationRelativeFilePath>../../Shesha.Enterprise/Shesha.Enterprise.Domain/Domain/Enum/RefListInteractionType.cs</ApplicationRelativeFilePath>
      <ProjectRelativeFilePath>Domain/Enum/RefListInteractionType.cs</ProjectRelativeFilePath>
      <IsIgnored>false</IsIgnored>
    </FileLog>
    <FileLog>
      <ProjectId>b1857ac1-bb04-43ec-9a57-18a580c0989b</ProjectId>
      <CorrelationId>Boxfusion.Modules.Domain.Enum#5538ed43-2f6d-4de8-bf09-f59ed6715ac8</CorrelationId>
      <OverwriteBehaviour>always</OverwriteBehaviour>
      <ApplicationRelativeFilePath>../../Shesha.Enterprise/Shesha.Enterprise.Domain/Domain/Enum/RefListLanguage.cs</ApplicationRelativeFilePath>
      <ProjectRelativeFilePath>Domain/Enum/RefListLanguage.cs</ProjectRelativeFilePath>
      <IsIgnored>false</IsIgnored>
    </FileLog>
    <FileLog>
      <ProjectId>b1857ac1-bb04-43ec-9a57-18a580c0989b</ProjectId>
      <CorrelationId>Boxfusion.Modules.Domain.Enum#9ba5870b-8669-4b5b-94ab-ba4925b50f69</CorrelationId>
      <OverwriteBehaviour>always</OverwriteBehaviour>
      <ApplicationRelativeFilePath>../../Shesha.Enterprise/Shesha.Enterprise.Domain/Domain/Enum/RefListOutcome.cs</ApplicationRelativeFilePath>
      <ProjectRelativeFilePath>Domain/Enum/RefListOutcome.cs</ProjectRelativeFilePath>
      <IsIgnored>false</IsIgnored>
    </FileLog>
    <FileLog>
      <ProjectId>b1857ac1-bb04-43ec-9a57-18a580c0989b</ProjectId>
      <CorrelationId>Boxfusion.Modules.Domain.Enum#0dffc334-489a-421d-9a5b-589358adbcf4</CorrelationId>
      <OverwriteBehaviour>always</OverwriteBehaviour>
      <ApplicationRelativeFilePath>../../Shesha.Enterprise/Shesha.Enterprise.Domain/Domain/Enum/RefListProductSubType.cs</ApplicationRelativeFilePath>
      <ProjectRelativeFilePath>Domain/Enum/RefListProductSubType.cs</ProjectRelativeFilePath>
      <IsIgnored>false</IsIgnored>
    </FileLog>
    <FileLog>
      <ProjectId>b1857ac1-bb04-43ec-9a57-18a580c0989b</ProjectId>
      <CorrelationId>Boxfusion.Modules.Domain.Enum#d6e7a3dc-a28c-458a-a164-b0189b83c84e</CorrelationId>
      <OverwriteBehaviour>always</OverwriteBehaviour>
      <ApplicationRelativeFilePath>../../Shesha.Enterprise/Shesha.Enterprise.Domain/Domain/Enum/RefListProductType.cs</ApplicationRelativeFilePath>
      <ProjectRelativeFilePath>Domain/Enum/RefListProductType.cs</ProjectRelativeFilePath>
      <IsIgnored>false</IsIgnored>
    </FileLog>
    <FileLog>
      <ProjectId>b1857ac1-bb04-43ec-9a57-18a580c0989b</ProjectId>
      <CorrelationId>Boxfusion.Modules.Domain.Enum#58b5ea42-b44d-4a6e-9649-6b229d6cb5d5</CorrelationId>
      <OverwriteBehaviour>always</OverwriteBehaviour>
      <ApplicationRelativeFilePath>../../Shesha.Enterprise/Shesha.Enterprise.Domain/Domain/Enum/RefListQueryType.cs</ApplicationRelativeFilePath>
      <ProjectRelativeFilePath>Domain/Enum/RefListQueryType.cs</ProjectRelativeFilePath>
      <IsIgnored>false</IsIgnored>
    </FileLog>
    <FileLog>
      <ProjectId>b1857ac1-bb04-43ec-9a57-18a580c0989b</ProjectId>
      <CorrelationId>Boxfusion.Modules.Domain.Enum#57408f08-f978-4714-ac99-0863eafc1a31</CorrelationId>
      <OverwriteBehaviour>always</OverwriteBehaviour>
      <ApplicationRelativeFilePath>../../Shesha.Enterprise/Shesha.Enterprise.Domain/Domain/Enum/RefListType.cs</ApplicationRelativeFilePath>
      <ProjectRelativeFilePath>Domain/Enum/RefListType.cs</ProjectRelativeFilePath>
      <IsIgnored>false</IsIgnored>
    </FileLog>
    <FileLog>
      <ProjectId>b1857ac1-bb04-43ec-9a57-18a580c0989b</ProjectId>
      <CorrelationId>Boxfusion.Modules.Domain.Entity#f597eec4-c0d8-4682-bf4a-286ef6576a79</CorrelationId>
      <OverwriteBehaviour>always</OverwriteBehaviour>
      <ApplicationRelativeFilePath>../../Shesha.Enterprise/Shesha.Enterprise.Domain/Domain/HomeUrlRoutes/HomeUrlAppointment.cs</ApplicationRelativeFilePath>
      <ProjectRelativeFilePath>Domain/HomeUrlRoutes/HomeUrlAppointment.cs</ProjectRelativeFilePath>
      <IsIgnored>false</IsIgnored>
    </FileLog>
    <FileLog>
      <ProjectId>b1857ac1-bb04-43ec-9a57-18a580c0989b</ProjectId>
      <CorrelationId>Boxfusion.Modules.Domain.Entity#352395d4-04a4-451f-9e75-f64dbe9058cc</CorrelationId>
      <OverwriteBehaviour>always</OverwriteBehaviour>
      <ApplicationRelativeFilePath>../../Shesha.Enterprise/Shesha.Enterprise.Domain/Domain/HomeUrlRoutes/HomeUrlRoute.cs</ApplicationRelativeFilePath>
      <ProjectRelativeFilePath>Domain/HomeUrlRoutes/HomeUrlRoute.cs</ProjectRelativeFilePath>
      <IsIgnored>false</IsIgnored>
    </FileLog>
    <FileLog>
      <ProjectId>b1857ac1-bb04-43ec-9a57-18a580c0989b</ProjectId>
      <CorrelationId>Boxfusion.Modules.Domain.Entity#918cd85a-cd98-43c3-9583-22f163ead723</CorrelationId>
      <OverwriteBehaviour>always</OverwriteBehaviour>
      <ApplicationRelativeFilePath>../../Shesha.Enterprise/Shesha.Enterprise.Domain/Domain/Invoices/Invoice.cs</ApplicationRelativeFilePath>
      <ProjectRelativeFilePath>Domain/Invoices/Invoice.cs</ProjectRelativeFilePath>
      <IsIgnored>false</IsIgnored>
    </FileLog>
    <FileLog>
      <ProjectId>b1857ac1-bb04-43ec-9a57-18a580c0989b</ProjectId>
      <CorrelationId>Boxfusion.Modules.Domain.Entity#33a1ae0c-50ed-4bcd-b7cf-6bd0fa753617</CorrelationId>
      <OverwriteBehaviour>always</OverwriteBehaviour>
      <ApplicationRelativeFilePath>../../Shesha.Enterprise/Shesha.Enterprise.Domain/Domain/Invoices/InvoiceLineItem.cs</ApplicationRelativeFilePath>
      <ProjectRelativeFilePath>Domain/Invoices/InvoiceLineItem.cs</ProjectRelativeFilePath>
      <IsIgnored>false</IsIgnored>
    </FileLog>
    <FileLog>
      <ProjectId>b1857ac1-bb04-43ec-9a57-18a580c0989b</ProjectId>
      <CorrelationId>Boxfusion.Modules.Domain.Enum#097e6bc1-762f-4e1c-9990-ddcd42648645</CorrelationId>
      <OverwriteBehaviour>always</OverwriteBehaviour>
      <ApplicationRelativeFilePath>../../Shesha.Enterprise/Shesha.Enterprise.Domain/Domain/Invoices/RefListAccountTransferStatus.cs</ApplicationRelativeFilePath>
      <ProjectRelativeFilePath>Domain/Invoices/RefListAccountTransferStatus.cs</ProjectRelativeFilePath>
      <IsIgnored>false</IsIgnored>
    </FileLog>
    <FileLog>
      <ProjectId>b1857ac1-bb04-43ec-9a57-18a580c0989b</ProjectId>
      <CorrelationId>Boxfusion.Modules.Domain.Enum#e423a31f-5d93-4982-961a-5ac459155f09</CorrelationId>
      <OverwriteBehaviour>always</OverwriteBehaviour>
      <ApplicationRelativeFilePath>../../Shesha.Enterprise/Shesha.Enterprise.Domain/Domain/Invoices/RefListBankAccountStatus.cs</ApplicationRelativeFilePath>
      <ProjectRelativeFilePath>Domain/Invoices/RefListBankAccountStatus.cs</ProjectRelativeFilePath>
      <IsIgnored>false</IsIgnored>
    </FileLog>
    <FileLog>
      <ProjectId>b1857ac1-bb04-43ec-9a57-18a580c0989b</ProjectId>
      <CorrelationId>Boxfusion.Modules.Domain.Enum#8985b889-796e-4b9a-a57d-72b331fdb784</CorrelationId>
      <OverwriteBehaviour>always</OverwriteBehaviour>
      <ApplicationRelativeFilePath>../../Shesha.Enterprise/Shesha.Enterprise.Domain/Domain/Invoices/RefListContractStatus.cs</ApplicationRelativeFilePath>
      <ProjectRelativeFilePath>Domain/Invoices/RefListContractStatus.cs</ProjectRelativeFilePath>
      <IsIgnored>false</IsIgnored>
    </FileLog>
    <FileLog>
      <ProjectId>b1857ac1-bb04-43ec-9a57-18a580c0989b</ProjectId>
      <CorrelationId>Boxfusion.Modules.Domain.Enum#59f078c9-daee-4e17-9660-80dd01b2130b</CorrelationId>
      <OverwriteBehaviour>always</OverwriteBehaviour>
      <ApplicationRelativeFilePath>../../Shesha.Enterprise/Shesha.Enterprise.Domain/Domain/Invoices/RefListInvoiceStatus.cs</ApplicationRelativeFilePath>
      <ProjectRelativeFilePath>Domain/Invoices/RefListInvoiceStatus.cs</ProjectRelativeFilePath>
      <IsIgnored>false</IsIgnored>
    </FileLog>
    <FileLog>
      <ProjectId>b1857ac1-bb04-43ec-9a57-18a580c0989b</ProjectId>
      <CorrelationId>Boxfusion.Modules.Domain.Enum#e98378fa-d210-409d-8a5a-10a62cdd1d03</CorrelationId>
      <OverwriteBehaviour>always</OverwriteBehaviour>
      <ApplicationRelativeFilePath>../../Shesha.Enterprise/Shesha.Enterprise.Domain/Domain/Invoices/RefListInvoiceType.cs</ApplicationRelativeFilePath>
      <ProjectRelativeFilePath>Domain/Invoices/RefListInvoiceType.cs</ProjectRelativeFilePath>
      <IsIgnored>false</IsIgnored>
    </FileLog>
    <FileLog>
      <ProjectId>b1857ac1-bb04-43ec-9a57-18a580c0989b</ProjectId>
      <CorrelationId>Boxfusion.Modules.Domain.Enum#a841d755-3ad4-4f89-bc6e-dc97cccfa447</CorrelationId>
      <OverwriteBehaviour>always</OverwriteBehaviour>
      <ApplicationRelativeFilePath>../../Shesha.Enterprise/Shesha.Enterprise.Domain/Domain/Invoices/RefListTransactionStatus.cs</ApplicationRelativeFilePath>
      <ProjectRelativeFilePath>Domain/Invoices/RefListTransactionStatus.cs</ProjectRelativeFilePath>
      <IsIgnored>false</IsIgnored>
    </FileLog>
    <FileLog>
      <ProjectId>b1857ac1-bb04-43ec-9a57-18a580c0989b</ProjectId>
      <CorrelationId>Boxfusion.Modules.Domain.Entity#b3198063-9644-499b-af26-58e9f97f06b8</CorrelationId>
      <OverwriteBehaviour>always</OverwriteBehaviour>
      <ApplicationRelativeFilePath>../../Shesha.Enterprise/Shesha.Enterprise.Domain/Domain/LogonMessage.cs</ApplicationRelativeFilePath>
      <ProjectRelativeFilePath>Domain/LogonMessage.cs</ProjectRelativeFilePath>
      <IsIgnored>false</IsIgnored>
    </FileLog>
    <FileLog>
      <ProjectId>b1857ac1-bb04-43ec-9a57-18a580c0989b</ProjectId>
      <CorrelationId>Boxfusion.Modules.Domain.Entity#23c827f1-ea07-4878-89e2-154c8fb2aaf4</CorrelationId>
      <OverwriteBehaviour>always</OverwriteBehaviour>
      <ApplicationRelativeFilePath>../../Shesha.Enterprise/Shesha.Enterprise.Domain/Domain/LogonMessageAuditItem.cs</ApplicationRelativeFilePath>
      <ProjectRelativeFilePath>Domain/LogonMessageAuditItem.cs</ProjectRelativeFilePath>
      <IsIgnored>false</IsIgnored>
    </FileLog>
    <FileLog>
      <ProjectId>b1857ac1-bb04-43ec-9a57-18a580c0989b</ProjectId>
      <CorrelationId>Boxfusion.Modules.Domain.Entity#49a392ac-0444-4ffc-a43b-4c19ea9165e3</CorrelationId>
      <OverwriteBehaviour>always</OverwriteBehaviour>
      <ApplicationRelativeFilePath>../../Shesha.Enterprise/Shesha.Enterprise.Domain/Domain/Orders/Order.cs</ApplicationRelativeFilePath>
      <ProjectRelativeFilePath>Domain/Orders/Order.cs</ProjectRelativeFilePath>
      <IsIgnored>false</IsIgnored>
    </FileLog>
    <FileLog>
      <ProjectId>b1857ac1-bb04-43ec-9a57-18a580c0989b</ProjectId>
      <CorrelationId>Boxfusion.Modules.Domain.Enum#123836a6-6696-46b4-bf60-2526c330447b</CorrelationId>
      <OverwriteBehaviour>always</OverwriteBehaviour>
      <ApplicationRelativeFilePath>../../Shesha.Enterprise/Shesha.Enterprise.Domain/Domain/Orders/RefListOrderStatus.cs</ApplicationRelativeFilePath>
      <ProjectRelativeFilePath>Domain/Orders/RefListOrderStatus.cs</ProjectRelativeFilePath>
      <IsIgnored>false</IsIgnored>
    </FileLog>
    <FileLog>
      <ProjectId>b1857ac1-bb04-43ec-9a57-18a580c0989b</ProjectId>
      <CorrelationId>Boxfusion.Modules.Domain.Entity#39332a9c-4a67-476d-bdf4-db38e5c4ebaa</CorrelationId>
      <OverwriteBehaviour>always</OverwriteBehaviour>
      <ApplicationRelativeFilePath>../../Shesha.Enterprise/Shesha.Enterprise.Domain/Domain/Organisations/OrganisationBankAccount.cs</ApplicationRelativeFilePath>
      <ProjectRelativeFilePath>Domain/Organisations/OrganisationBankAccount.cs</ProjectRelativeFilePath>
      <IsIgnored>false</IsIgnored>
    </FileLog>
    <FileLog>
      <ProjectId>b1857ac1-bb04-43ec-9a57-18a580c0989b</ProjectId>
      <CorrelationId>Boxfusion.Modules.Domain.Entity#1159424d-a162-4e36-be83-de2caecca985</CorrelationId>
      <OverwriteBehaviour>always</OverwriteBehaviour>
      <ApplicationRelativeFilePath>../../Shesha.Enterprise/Shesha.Enterprise.Domain/Domain/Organisations/OrganisationPost.cs</ApplicationRelativeFilePath>
      <ProjectRelativeFilePath>Domain/Organisations/OrganisationPost.cs</ProjectRelativeFilePath>
      <IsIgnored>false</IsIgnored>
    </FileLog>
    <FileLog>
      <ProjectId>b1857ac1-bb04-43ec-9a57-18a580c0989b</ProjectId>
      <CorrelationId>Boxfusion.Modules.Domain.Entity#99877382-6544-4cec-9cf9-871339c2ff92</CorrelationId>
      <OverwriteBehaviour>always</OverwriteBehaviour>
      <ApplicationRelativeFilePath>../../Shesha.Enterprise/Shesha.Enterprise.Domain/Domain/Organisations/OrganisationPostAppointment.cs</ApplicationRelativeFilePath>
      <ProjectRelativeFilePath>Domain/Organisations/OrganisationPostAppointment.cs</ProjectRelativeFilePath>
      <IsIgnored>false</IsIgnored>
    </FileLog>
    <FileLog>
      <ProjectId>b1857ac1-bb04-43ec-9a57-18a580c0989b</ProjectId>
      <CorrelationId>Boxfusion.Modules.Domain.Entity#0fd1bd96-616c-4684-aacd-a12236047f9a</CorrelationId>
      <OverwriteBehaviour>always</OverwriteBehaviour>
      <ApplicationRelativeFilePath>../../Shesha.Enterprise/Shesha.Enterprise.Domain/Domain/Organisations/OrganisationPostLevel.cs</ApplicationRelativeFilePath>
      <ProjectRelativeFilePath>Domain/Organisations/OrganisationPostLevel.cs</ProjectRelativeFilePath>
      <IsIgnored>false</IsIgnored>
    </FileLog>
    <FileLog>
      <ProjectId>b1857ac1-bb04-43ec-9a57-18a580c0989b</ProjectId>
      <CorrelationId>Boxfusion.Modules.Domain.Entity#33528bf3-3997-40cd-b1ec-08e4aeb680f0</CorrelationId>
      <OverwriteBehaviour>always</OverwriteBehaviour>
      <ApplicationRelativeFilePath>../../Shesha.Enterprise/Shesha.Enterprise.Domain/Domain/Period.cs</ApplicationRelativeFilePath>
      <ProjectRelativeFilePath>Domain/Period.cs</ProjectRelativeFilePath>
      <IsIgnored>false</IsIgnored>
    </FileLog>
    <FileLog>
      <ProjectId>b1857ac1-bb04-43ec-9a57-18a580c0989b</ProjectId>
      <CorrelationId>Boxfusion.Modules.Domain.Entity#813c73f4-dd1f-4699-a9f2-55cdeee4f070</CorrelationId>
      <OverwriteBehaviour>always</OverwriteBehaviour>
      <ApplicationRelativeFilePath>../../Shesha.Enterprise/Shesha.Enterprise.Domain/Domain/Products/Product.cs</ApplicationRelativeFilePath>
      <ProjectRelativeFilePath>Domain/Products/Product.cs</ProjectRelativeFilePath>
      <IsIgnored>false</IsIgnored>
    </FileLog>
    <FileLog>
      <ProjectId>b1857ac1-bb04-43ec-9a57-18a580c0989b</ProjectId>
      <CorrelationId>Boxfusion.Modules.Domain.Entity#c057ac3c-4f9b-4048-ade7-9838b1bfd74d</CorrelationId>
      <OverwriteBehaviour>always</OverwriteBehaviour>
      <ApplicationRelativeFilePath>../../Shesha.Enterprise/Shesha.Enterprise.Domain/Domain/PublicHolidays/PublicHoliday.cs</ApplicationRelativeFilePath>
      <ProjectRelativeFilePath>Domain/PublicHolidays/PublicHoliday.cs</ProjectRelativeFilePath>
      <IsIgnored>false</IsIgnored>
    </FileLog>
    <FileLog>
      <ProjectId>b1857ac1-bb04-43ec-9a57-18a580c0989b</ProjectId>
      <CorrelationId>Boxfusion.Modules.Domain.Entity#c9e41f17-c2f1-4ded-a34e-78be683d2df8</CorrelationId>
      <OverwriteBehaviour>always</OverwriteBehaviour>
      <ApplicationRelativeFilePath>../../Shesha.Enterprise/Shesha.Enterprise.Domain/Domain/Sequences/Sequence.cs</ApplicationRelativeFilePath>
      <ProjectRelativeFilePath>Domain/Sequences/Sequence.cs</ProjectRelativeFilePath>
      <IsIgnored>false</IsIgnored>
    </FileLog>
    <FileLog>
      <ProjectId>b1857ac1-bb04-43ec-9a57-18a580c0989b</ProjectId>
      <CorrelationId>Boxfusion.Modules.Domain.Entity#846bea3e-71b0-4b27-9836-0d2b0facded9</CorrelationId>
      <OverwriteBehaviour>always</OverwriteBehaviour>
      <ApplicationRelativeFilePath>../../Shesha.Enterprise/Shesha.Enterprise.Domain/Domain/Services/Service.cs</ApplicationRelativeFilePath>
      <ProjectRelativeFilePath>Domain/Services/Service.cs</ProjectRelativeFilePath>
      <IsIgnored>false</IsIgnored>
    </FileLog>
    <FileLog>
      <ProjectId>b1857ac1-bb04-43ec-9a57-18a580c0989b</ProjectId>
      <CorrelationId>Boxfusion.Modules.Domain.Entity#f13be89f-e729-4689-811f-437be4b4bd97</CorrelationId>
      <OverwriteBehaviour>always</OverwriteBehaviour>
      <ApplicationRelativeFilePath>../../Shesha.Enterprise/Shesha.Enterprise.Domain/Domain/ShaRoleAppointedPost.cs</ApplicationRelativeFilePath>
      <ProjectRelativeFilePath>Domain/ShaRoleAppointedPost.cs</ProjectRelativeFilePath>
      <IsIgnored>false</IsIgnored>
    </FileLog>
    <FileLog>
      <ProjectId>b1857ac1-bb04-43ec-9a57-18a580c0989b</ProjectId>
      <CorrelationId>Boxfusion.Modules.Domain.Entity#b4e123f0-45b7-4ec8-b40a-536f1fba6f55</CorrelationId>
      <OverwriteBehaviour>always</OverwriteBehaviour>
      <ApplicationRelativeFilePath>../../Shesha.Enterprise/Shesha.Enterprise.Domain/Domain/ShaRoleAppointedPostLevel.cs</ApplicationRelativeFilePath>
      <ProjectRelativeFilePath>Domain/ShaRoleAppointedPostLevel.cs</ProjectRelativeFilePath>
      <IsIgnored>false</IsIgnored>
    </FileLog>
    <FileLog>
      <ProjectId>b1857ac1-bb04-43ec-9a57-18a580c0989b</ProjectId>
      <CorrelationId>Boxfusion.Modules.Domain.Enum#127f51ec-ffab-4e01-9e69-485708a0ab6f</CorrelationId>
      <OverwriteBehaviour>always</OverwriteBehaviour>
      <ApplicationRelativeFilePath>../../Shesha.Enterprise/Shesha.Enterprise.Domain/Domain/Suppliers/RefListSupplierStatus.cs</ApplicationRelativeFilePath>
      <ProjectRelativeFilePath>Domain/Suppliers/RefListSupplierStatus.cs</ProjectRelativeFilePath>
      <IsIgnored>false</IsIgnored>
    </FileLog>
    <FileLog>
      <ProjectId>b1857ac1-bb04-43ec-9a57-18a580c0989b</ProjectId>
      <CorrelationId>Boxfusion.Modules.Domain.Entity#428e1726-f4aa-4048-aeda-2d344f201a6a</CorrelationId>
      <OverwriteBehaviour>always</OverwriteBehaviour>
      <ApplicationRelativeFilePath>../../Shesha.Enterprise/Shesha.Enterprise.Domain/Domain/Suppliers/Supplier.cs</ApplicationRelativeFilePath>
      <ProjectRelativeFilePath>Domain/Suppliers/Supplier.cs</ProjectRelativeFilePath>
      <IsIgnored>false</IsIgnored>
    </FileLog>
    <FileLog>
      <ProjectId>b1857ac1-bb04-43ec-9a57-18a580c0989b</ProjectId>
      <CorrelationId>Boxfusion.Modules.Domain.Entity#2ec734af-6f81-40d3-a879-d446ef57c39f</CorrelationId>
      <OverwriteBehaviour>always</OverwriteBehaviour>
      <ApplicationRelativeFilePath>../../Shesha.Enterprise/Shesha.Enterprise.Domain/Domain/Suppliers/SupplierPrice.cs</ApplicationRelativeFilePath>
      <ProjectRelativeFilePath>Domain/Suppliers/SupplierPrice.cs</ProjectRelativeFilePath>
      <IsIgnored>false</IsIgnored>
    </FileLog>
    <FileLog>
      <ProjectId>b1857ac1-bb04-43ec-9a57-18a580c0989b</ProjectId>
      <CorrelationId>Boxfusion.Modules.Domain.Entity#194effac-b876-4b55-894d-e3a592bc68b3</CorrelationId>
      <OverwriteBehaviour>always</OverwriteBehaviour>
      <ApplicationRelativeFilePath>../../Shesha.Enterprise/Shesha.Enterprise.Domain/Domain/TaxRate.cs</ApplicationRelativeFilePath>
      <ProjectRelativeFilePath>Domain/TaxRate.cs</ProjectRelativeFilePath>
      <IsIgnored>false</IsIgnored>
    </FileLog>
    <FileLog>
      <ProjectId>b1857ac1-bb04-43ec-9a57-18a580c0989b</ProjectId>
      <CorrelationId>Boxfusion.Modules.Domain.Enum#9968b207-7bd6-42a7-99ab-2437bbc9d078</CorrelationId>
      <OverwriteBehaviour>always</OverwriteBehaviour>
      <ApplicationRelativeFilePath>../../Shesha.Enterprise/Shesha.Enterprise.Domain/Domain/WorkOrders/RefListWorkOrderWorkDone.cs</ApplicationRelativeFilePath>
      <ProjectRelativeFilePath>Domain/WorkOrders/RefListWorkOrderWorkDone.cs</ProjectRelativeFilePath>
      <IsIgnored>false</IsIgnored>
    </FileLog>
    <FileLog>
      <ProjectId>b1857ac1-bb04-43ec-9a57-18a580c0989b</ProjectId>
      <CorrelationId>Boxfusion.Modules.Domain.Module#c00dc369-0a24-489e-83bd-00e61af80f83</CorrelationId>
      <OverwriteBehaviour>always</OverwriteBehaviour>
      <ApplicationRelativeFilePath>../../Shesha.Enterprise/Shesha.Enterprise.Domain/EnterpriseModule.cs</ApplicationRelativeFilePath>
      <ProjectRelativeFilePath>EnterpriseModule.cs</ProjectRelativeFilePath>
      <IsIgnored>false</IsIgnored>
    </FileLog>
    <FileLog>
      <ProjectId>b1857ac1-bb04-43ec-9a57-18a580c0989b</ProjectId>
      <CorrelationId>Boxfusion.Modules.FluentMigrator.EnumMigrationMetadata#c00dc369-0a24-489e-83bd-00e61af80f83</CorrelationId>
      <OverwriteBehaviour>always</OverwriteBehaviour>
      <ApplicationRelativeFilePath>../../Shesha.Enterprise/Shesha.Enterprise.Domain/Migrations/enum-migration-metadata.json</ApplicationRelativeFilePath>
      <ProjectRelativeFilePath>Migrations/enum-migration-metadata.json</ProjectRelativeFilePath>
      <IsIgnored>false</IsIgnored>
    </FileLog>
    <FileLog>
      <ProjectId>b1857ac1-bb04-43ec-9a57-18a580c0989b</ProjectId>
      <CorrelationId>a6e5812a-fb26-4e86-95ae-204d766403a1</CorrelationId>
      <OverwriteBehaviour>once-off</OverwriteBehaviour>
      <ApplicationRelativeFilePath>../../Shesha.Enterprise/Shesha.Enterprise.Domain/Migrations/M202208310800.cs</ApplicationRelativeFilePath>
      <ProjectRelativeFilePath>Migrations/M202208310800.cs</ProjectRelativeFilePath>
      <IsIgnored>false</IsIgnored>
    </FileLog>
    <FileLog>
      <ProjectId>b1857ac1-bb04-43ec-9a57-18a580c0989b</ProjectId>
      <CorrelationId>Boxfusion.Modules.FluentMigrator.MigrationMetadata#c00dc369-0a24-489e-83bd-00e61af80f83</CorrelationId>
      <OverwriteBehaviour>always</OverwriteBehaviour>
      <ApplicationRelativeFilePath>../../Shesha.Enterprise/Shesha.Enterprise.Domain/Migrations/migration-metadata.json</ApplicationRelativeFilePath>
      <ProjectRelativeFilePath>Migrations/migration-metadata.json</ProjectRelativeFilePath>
      <IsIgnored>false</IsIgnored>
    </FileLog>
    <FileLog>
      <ProjectId>b1857ac1-bb04-43ec-9a57-18a580c0989b</ProjectId>
      <CorrelationId>Intent.VisualStudio.Projects.CoreLibrary.CSProject#b1857ac1-bb04-43ec-9a57-18a580c0989b</CorrelationId>
      <OverwriteBehaviour>once-off</OverwriteBehaviour>
      <ApplicationRelativeFilePath>../../Shesha.Enterprise/Shesha.Enterprise.Domain/Shesha.Enterprise.Domain.csproj</ApplicationRelativeFilePath>
      <ProjectRelativeFilePath>Shesha.Enterprise.Domain.csproj</ProjectRelativeFilePath>
      <IsIgnored>false</IsIgnored>
    </FileLog>
    <FileLog>
      <CorrelationId>Intent.VisualStudio.Projects.VisualStudio2015Solution#dc58fc0c-794f-49cc-9a0f-e4677793e579</CorrelationId>
      <OverwriteBehaviour>always</OverwriteBehaviour>
      <ApplicationRelativeFilePath>../../Shesha.Enterprise/Shesha.Enterprise.sln</ApplicationRelativeFilePath>
      <IsIgnored>false</IsIgnored>
    </FileLog>
    <FileLog>
      <ProjectId>cfb99fc2-3386-46cc-9645-78d6bf337305</ProjectId>
      <CorrelationId>Intent.VisualStudio.Projects.CoreLibrary.CSProject#cfb99fc2-3386-46cc-9645-78d6bf337305</CorrelationId>
      <OverwriteBehaviour>once-off</OverwriteBehaviour>
      <ApplicationRelativeFilePath>../../Shesha.Enterprise/Shesha.Enterprise.Web.Core/Shesha.Enterprise.Web.Core.csproj</ApplicationRelativeFilePath>
      <ProjectRelativeFilePath>Shesha.Enterprise.Web.Core.csproj</ProjectRelativeFilePath>
      <IsIgnored>false</IsIgnored>
    </FileLog>
    <FileLog>
      <ProjectId>b58a3412-e1f0-4728-91f3-d19689d92d9f</ProjectId>
      <CorrelationId>Intent.VisualStudio.Projects.CoreWeb.AppSettings-Default#b58a3412-e1f0-4728-91f3-d19689d92d9f</CorrelationId>
      <OverwriteBehaviour>always</OverwriteBehaviour>
      <ApplicationRelativeFilePath>../../Shesha.Enterprise/Shesha.Enterprise.Web.Host/appsettings.json</ApplicationRelativeFilePath>
      <ProjectRelativeFilePath>appsettings.json</ProjectRelativeFilePath>
      <IsIgnored>false</IsIgnored>
    </FileLog>
    <FileLog>
      <ProjectId>b58a3412-e1f0-4728-91f3-d19689d92d9f</ProjectId>
      <CorrelationId>Intent.VisualStudio.Projects.CoreWeb.LaunchSettings#b58a3412-e1f0-4728-91f3-d19689d92d9f</CorrelationId>
      <OverwriteBehaviour>always</OverwriteBehaviour>
      <ApplicationRelativeFilePath>../../Shesha.Enterprise/Shesha.Enterprise.Web.Host/Properties/launchsettings.json</ApplicationRelativeFilePath>
      <ProjectRelativeFilePath>Properties/launchsettings.json</ProjectRelativeFilePath>
      <IsIgnored>false</IsIgnored>
    </FileLog>
    <FileLog>
      <ProjectId>b58a3412-e1f0-4728-91f3-d19689d92d9f</ProjectId>
      <CorrelationId>Intent.VisualStudio.Projects.CoreWeb.CSProject#b58a3412-e1f0-4728-91f3-d19689d92d9f</CorrelationId>
      <OverwriteBehaviour>once-off</OverwriteBehaviour>
      <ApplicationRelativeFilePath>../../Shesha.Enterprise/Shesha.Enterprise.Web.Host/Shesha.Enterprise.Web.Host.csproj</ApplicationRelativeFilePath>
      <ProjectRelativeFilePath>Shesha.Enterprise.Web.Host.csproj</ProjectRelativeFilePath>
      <IsIgnored>false</IsIgnored>
    </FileLog>
    <FileLog>
      <ProjectId>d5377e0a-74d3-46e1-87c0-da9528701177</ProjectId>
      <CorrelationId>Boxfusion.Modules.Web.Startup.Startup.AuthConfigurer</CorrelationId>
      <OverwriteBehaviour>always</OverwriteBehaviour>
      <ApplicationRelativeFilePath>../../Shesha.Enterprise/Shesha.Enterprise.Web.Host/Startup/AuthConfigurer.cs</ApplicationRelativeFilePath>
      <ProjectRelativeFilePath>AuthConfigurer.cs</ProjectRelativeFilePath>
      <IsIgnored>false</IsIgnored>
    </FileLog>
    <FileLog>
      <ProjectId>d5377e0a-74d3-46e1-87c0-da9528701177</ProjectId>
      <CorrelationId>Boxfusion.Modules.Web.Startup.Startup.Program</CorrelationId>
      <OverwriteBehaviour>always</OverwriteBehaviour>
      <ApplicationRelativeFilePath>../../Shesha.Enterprise/Shesha.Enterprise.Web.Host/Startup/Program.cs</ApplicationRelativeFilePath>
      <ProjectRelativeFilePath>Program.cs</ProjectRelativeFilePath>
      <IsIgnored>false</IsIgnored>
    </FileLog>
    <FileLog>
      <ProjectId>d5377e0a-74d3-46e1-87c0-da9528701177</ProjectId>
      <CorrelationId>Boxfusion.Modules.Web.Startup.Startup.SheshaWebHostModule</CorrelationId>
      <OverwriteBehaviour>always</OverwriteBehaviour>
      <ApplicationRelativeFilePath>../../Shesha.Enterprise/Shesha.Enterprise.Web.Host/Startup/SheshaWebHostModule.cs</ApplicationRelativeFilePath>
      <ProjectRelativeFilePath>SheshaWebHostModule.cs</ProjectRelativeFilePath>
      <IsIgnored>false</IsIgnored>
    </FileLog>
    <FileLog>
      <ProjectId>d5377e0a-74d3-46e1-87c0-da9528701177</ProjectId>
      <CorrelationId>Boxfusion.Modules.Web.Startup.Startup.Startup</CorrelationId>
      <OverwriteBehaviour>always</OverwriteBehaviour>
      <ApplicationRelativeFilePath>../../Shesha.Enterprise/Shesha.Enterprise.Web.Host/Startup/Startup.cs</ApplicationRelativeFilePath>
      <ProjectRelativeFilePath>Startup.cs</ProjectRelativeFilePath>
      <IsIgnored>false</IsIgnored>
    </FileLog>
    <FileLog>
      <ProjectId>27e522f1-dc01-47fc-8024-df1d0da3a284</ProjectId>
      <CorrelationId>Boxfusion.Modules.Web.Startup.Swagger.AbpAppServiceApiVersionSpecification</CorrelationId>
      <OverwriteBehaviour>always</OverwriteBehaviour>
      <ApplicationRelativeFilePath>../../Shesha.Enterprise/Shesha.Enterprise.Web.Host/Swagger/AbpAppServiceApiVersionSpecification.cs</ApplicationRelativeFilePath>
      <ProjectRelativeFilePath>AbpAppServiceApiVersionSpecification.cs</ProjectRelativeFilePath>
      <IsIgnored>false</IsIgnored>
    </FileLog>
    <FileLog>
      <ProjectId>27e522f1-dc01-47fc-8024-df1d0da3a284</ProjectId>
      <CorrelationId>Boxfusion.Modules.Web.Startup.Swagger.ConfigureSwaggerOptions</CorrelationId>
      <OverwriteBehaviour>always</OverwriteBehaviour>
      <ApplicationRelativeFilePath>../../Shesha.Enterprise/Shesha.Enterprise.Web.Host/Swagger/ConfigureSwaggerOptions.cs</ApplicationRelativeFilePath>
      <ProjectRelativeFilePath>ConfigureSwaggerOptions.cs</ProjectRelativeFilePath>
      <IsIgnored>false</IsIgnored>
    </FileLog>
    <FileLog>
      <ProjectId>27e522f1-dc01-47fc-8024-df1d0da3a284</ProjectId>
      <CorrelationId>Boxfusion.Modules.Web.Startup.Swagger.SwaggerDefaultValues</CorrelationId>
      <OverwriteBehaviour>always</OverwriteBehaviour>
      <ApplicationRelativeFilePath>../../Shesha.Enterprise/Shesha.Enterprise.Web.Host/Swagger/SwaggerDefaultValues.cs</ApplicationRelativeFilePath>
      <ProjectRelativeFilePath>SwaggerDefaultValues.cs</ProjectRelativeFilePath>
      <IsIgnored>false</IsIgnored>
    </FileLog>
  </FileLogs>
</outputLog>